TN:
SF:src/utils/formatters.ts
FN:5,(anonymous_0)
FN:32,(anonymous_1)
FN:40,(anonymous_2)
FN:52,(anonymous_3)
FNF:4
FNH:4
FNDA:12,(anonymous_0)
FNDA:9,(anonymous_1)
FNDA:5,(anonymous_2)
FNDA:8,(anonymous_3)
DA:5,1
DA:6,12
DA:7,2
DA:10,10
DA:11,10
DA:12,3
DA:15,7
DA:16,7
DA:18,7
DA:19,4
DA:24,3
DA:25,3
DA:27,3
DA:32,1
DA:33,9
DA:34,2
DA:37,7
DA:40,1
DA:41,5
DA:42,1
DA:45,4
DA:46,1
DA:49,3
DA:52,1
DA:53,8
DA:54,2
DA:57,6
DA:58,3
DA:61,3
LF:29
LH:29
BRDA:6,0,0,2
BRDA:11,1,0,3
BRDA:18,2,0,4
BRDA:19,3,0,1
BRDA:19,3,1,3
BRDA:27,4,0,1
BRDA:27,4,1,2
BRDA:32,5,0,7
BRDA:33,6,0,2
BRDA:33,7,0,9
BRDA:33,7,1,8
BRDA:41,8,0,1
BRDA:45,9,0,1
BRDA:53,10,0,2
BRDA:57,11,0,3
BRF:15
BRH:15
end_of_record
TN:
SF:src/utils/validators.ts
FN:5,(anonymous_0)
FN:10,(anonymous_1)
FN:19,(anonymous_2)
FN:23,(anonymous_3)
FN:27,(anonymous_4)
FN:31,(anonymous_5)
FN:35,(anonymous_6)
FN:41,(anonymous_7)
FNF:8
FNH:8
FNDA:9,(anonymous_0)
FNDA:7,(anonymous_1)
FNDA:13,(anonymous_2)
FNDA:13,(anonymous_3)
FNDA:7,(anonymous_4)
FNDA:4,(anonymous_5)
FNDA:8,(anonymous_6)
FNDA:7,(anonymous_7)
DA:5,1
DA:6,9
DA:7,9
DA:10,1
DA:11,7
DA:12,7
DA:13,3
DA:15,4
DA:19,1
DA:20,13
DA:23,1
DA:24,13
DA:27,1
DA:28,7
DA:31,1
DA:32,4
DA:35,1
DA:37,8
DA:38,8
DA:41,1
DA:43,7
LF:21
LH:21
BRDA:20,0,0,13
BRDA:20,0,1,13
BRDA:24,1,0,13
BRDA:24,1,1,13
BRDA:24,1,2,11
BRDA:28,2,0,7
BRDA:28,2,1,7
BRDA:28,2,2,6
BRDA:28,2,3,5
BRDA:32,3,0,4
BRDA:32,3,1,4
BRDA:38,4,0,8
BRDA:38,4,1,7
BRDA:38,4,2,5
BRDA:43,5,0,7
BRDA:43,5,1,4
BRDA:43,5,2,4
BRF:17
BRH:17
end_of_record
